<?xml version="1.0" encoding="UTF-8"?>
<!-- Generated by org.testng.reporters.JUnitReportReporter -->
<testsuite skipped="0" hostname="DESKTOP-6R9UGKN" name="pageobjectmodel.TC_001_SignIn" tests="1" failures="0" timestamp="2019-10-04T19:23:07 IST" time="130.134" errors="0">
  <testcase name="signInTest" time="130.134" classname="pageobjectmodel.TC_001_SignIn"/>
</testsuite> <!-- pageobjectmodel.TC_001_SignIn -->
